<?xml version="1.0" encoding="UTF-8"?>
<!-- Generated by org.testng.reporters.JUnitReportReporter -->
<testsuite hostname="PRFT-16710" name="xboxtestcases.XboxUserGamesTest" tests="1" failures="0" timestamp="28 Feb 2022 21:49:18 GMT" time="6.946" errors="0">
  <testcase name="testTopGames" time="6.946" classname="xboxtestcases.XboxUserGamesTest"/>
</testsuite> <!-- xboxtestcases.XboxUserGamesTest -->
