<?xml version="1.0" encoding="UTF-8"?>
<!-- Generated by org.testng.reporters.JUnitReportReporter -->
<testsuite hostname="PRFT-16710" name="xboxtestcases.XboxUserGamesTest" tests="1" failures="0" timestamp="2 Mar 2022 14:31:53 GMT" time="8.592" errors="0">
  <testcase name="testTopGames" time="8.592" classname="xboxtestcases.XboxUserGamesTest"/>
</testsuite> <!-- xboxtestcases.XboxUserGamesTest -->
