<?xml version="1.0" encoding="UTF-8"?>
<!-- Generated by org.testng.reporters.JUnitReportReporter -->
<testsuite hostname="PRFT-16710" name="xboxtestcases.XboxTop5Test" tests="1" failures="0" timestamp="2 Mar 2022 14:31:53 GMT" time="5.591" errors="0">
  <testcase name="testTop5" time="5.591" classname="xboxtestcases.XboxTop5Test"/>
</testsuite> <!-- xboxtestcases.XboxTop5Test -->
