<?xml version="1.0" encoding="UTF-8"?>
<!-- Generated by org.testng.reporters.JUnitReportReporter -->
<testsuite hostname="PRFT-16710" name="xboxtestcases.XboxTop5Test" tests="1" failures="0" timestamp="28 Feb 2022 21:02:21 GMT" time="8.330" errors="0">
  <testcase name="testTop5" time="8.330" classname="xboxtestcases.XboxTop5Test"/>
</testsuite> <!-- xboxtestcases.XboxTop5Test -->
